{"total": {"lines":{"total":58,"covered":30,"skipped":0,"pct":51.72},"statements":{"total":60,"covered":31,"skipped":0,"pct":51.67},"functions":{"total":12,"covered":6,"skipped":0,"pct":50},"branches":{"total":71,"covered":6,"skipped":0,"pct":8.45}}
,"/Users/chriscaldwell/Code/npm-packages/editorjs-parser/src/index.ts": {"lines":{"total":11,"covered":6,"skipped":0,"pct":54.55},"functions":{"total":2,"covered":2,"skipped":0,"pct":100},"statements":{"total":11,"covered":6,"skipped":0,"pct":54.55},"branches":{"total":23,"covered":5,"skipped":0,"pct":21.74}}
,"/Users/chriscaldwell/Code/npm-packages/editorjs-parser/src/helpers/embed.ts": {"lines":{"total":6,"covered":2,"skipped":0,"pct":33.33},"functions":{"total":1,"covered":0,"skipped":0,"pct":0},"statements":{"total":6,"covered":2,"skipped":0,"pct":33.33},"branches":{"total":14,"covered":0,"skipped":0,"pct":0}}
,"/Users/chriscaldwell/Code/npm-packages/editorjs-parser/src/helpers/header.ts": {"lines":{"total":2,"covered":2,"skipped":0,"pct":100},"functions":{"total":1,"covered":1,"skipped":0,"pct":100},"statements":{"total":2,"covered":2,"skipped":0,"pct":100},"branches":{"total":0,"covered":0,"skipped":0,"pct":100}}
,"/Users/chriscaldwell/Code/npm-packages/editorjs-parser/src/helpers/image.ts": {"lines":{"total":9,"covered":2,"skipped":0,"pct":22.22},"functions":{"total":2,"covered":0,"skipped":0,"pct":0},"statements":{"total":10,"covered":2,"skipped":0,"pct":20},"branches":{"total":20,"covered":0,"skipped":0,"pct":0}}
,"/Users/chriscaldwell/Code/npm-packages/editorjs-parser/src/helpers/list.ts": {"lines":{"total":8,"covered":2,"skipped":0,"pct":25},"functions":{"total":2,"covered":0,"skipped":0,"pct":0},"statements":{"total":8,"covered":2,"skipped":0,"pct":25},"branches":{"total":4,"covered":0,"skipped":0,"pct":0}}
,"/Users/chriscaldwell/Code/npm-packages/editorjs-parser/src/helpers/paragraph.ts": {"lines":{"total":4,"covered":4,"skipped":0,"pct":100},"functions":{"total":1,"covered":1,"skipped":0,"pct":100},"statements":{"total":4,"covered":4,"skipped":0,"pct":100},"branches":{"total":0,"covered":0,"skipped":0,"pct":100}}
,"/Users/chriscaldwell/Code/npm-packages/editorjs-parser/src/helpers/parser.ts": {"lines":{"total":7,"covered":6,"skipped":0,"pct":85.71},"functions":{"total":1,"covered":0,"skipped":0,"pct":0},"statements":{"total":7,"covered":6,"skipped":0,"pct":85.71},"branches":{"total":0,"covered":0,"skipped":0,"pct":100}}
,"/Users/chriscaldwell/Code/npm-packages/editorjs-parser/src/util/sharedLogic.ts": {"lines":{"total":11,"covered":6,"skipped":0,"pct":54.55},"functions":{"total":2,"covered":2,"skipped":0,"pct":100},"statements":{"total":12,"covered":7,"skipped":0,"pct":58.33},"branches":{"total":10,"covered":1,"skipped":0,"pct":10}}
}
