{"total": {"lines":{"total":14,"covered":8,"skipped":0,"pct":57.14},"statements":{"total":16,"covered":8,"skipped":0,"pct":50},"functions":{"total":9,"covered":4,"skipped":0,"pct":44.44},"branches":{"total":16,"covered":6,"skipped":0,"pct":37.5}}
,"/Users/chriscaldwell/Code/npm-packages/editorjs-parser/src/index.ts": {"lines":{"total":5,"covered":5,"skipped":0,"pct":100},"functions":{"total":2,"covered":2,"skipped":0,"pct":100},"statements":{"total":5,"covered":5,"skipped":0,"pct":100},"branches":{"total":0,"covered":0,"skipped":0,"pct":100}}
,"/Users/chriscaldwell/Code/npm-packages/editorjs-parser/src/helpers/parser.ts": {"lines":{"total":9,"covered":3,"skipped":0,"pct":33.33},"functions":{"total":7,"covered":2,"skipped":0,"pct":28.57},"statements":{"total":11,"covered":3,"skipped":0,"pct":27.27},"branches":{"total":16,"covered":6,"skipped":0,"pct":37.5}}
}
